04/30/2013 14:14:02: Error at: Connection reset
04/30/2013 14:17:15: Error at: Connection reset
04/30/2013 14:19:12: Error at: Address already in use: JVM_Bind
04/30/2013 14:31:31: Error at: Connection reset
04/30/2013 15:09:07: Error at: Connection reset
04/30/2013 15:22:45: Error at: Connection reset
04/30/2013 15:25:10: Error at: 100
04/30/2013 16:10:56: Error at: Address already in use: JVM_Bind
04/30/2013 16:19:16: Error at: Connection reset
04/30/2013 16:53:09: Error at: connect: Address is invalid on local machine, or port is not valid on remote machine
04/30/2013 16:59:04: Error at: connect: Address is invalid on local machine, or port is not valid on remote machine
04/30/2013 17:05:04: Error at: Connection refused: connect
04/30/2013 17:08:15: Error at: Connection refused: connect
04/30/2013 17:09:44: Error at: Connection refused: connect
04/30/2013 17:10:14: Error at: Connection refused: connect
04/30/2013 17:12:17: Error at: Connection refused: connect
04/30/2013 17:12:59: Error at: Connection refused: connect
04/30/2013 17:14:38: Error at: Connection refused: connect
04/30/2013 17:25:20: Error at: Connection refused: connect
04/30/2013 17:29:00: Error at: Connection refused: connect
04/30/2013 17:32:31: Error at: Connection refused: connect
04/30/2013 17:50:11: Error at: Connection reset
04/30/2013 17:51:02: Error at: Connection reset
04/30/2013 17:56:34: Error at: Connection reset
04/30/2013 17:58:22: Error at: Connection reset
04/30/2013 18:16:54: Error at: Address already in use: JVM_Bind
04/30/2013 22:45:42: Error at: Connection reset
04/30/2013 23:01:19: Error at: socket closed
05/01/2013 02:44:08: Error at: Connection reset
05/01/2013 03:06:35: Error at: socket closed
